<?xml version="1.0" encoding="UTF-8"?>
<!-- Generated by org.testng.reporters.JUnitReportReporter -->
<testsuite hostname="LAPTOP-A8LVSE7A" failures="0" tests="1" name="cucumberOptions.FailedTestRunner" time="1.951" errors="1" timestamp="2023-09-05T15:39:26 ADT" skipped="0">
  <testcase classname="cucumberOptions.FailedTestRunner" name="runScenario" time="1.951">
    <error message="TODO: implement me" type="io.cucumber.java.PendingException">
      <![CDATA[io.cucumber.java.PendingException: TODO: implement me
at stepDefinitions.LoginScreenPageStepDefinition.the_user_should_be_redirected_to_the_home_page(LoginScreenPageStepDefinition.java:48)
at ✽.the user should be redirected to the home page(file:///C:/Desenvolvimento/workspace/FangFarmUiJavaCucuberSelenium/src/test/java/features/enter-login-credentials.feature:8)
]]>
    </error>
  </testcase> <!-- runScenario -->
</testsuite> <!-- cucumberOptions.FailedTestRunner -->
